Using pre-set license
Built from '2021.1/staging' branch; Version is '2021.1.7f1 (d91830b65d9b) revision 14227504'; Using compiler version '192528614'; Build Type 'Release'
OS: 'Windows 10 Education; OS build 19043.1237; Version 2009; 64bit' Language: 'en' Physical Memory: 16247 MB
BatchMode: 1, IsHumanControllingUs: 0, StartBugReporterOnCrash: 0, Is64bit: 1, IsPro: 0

 COMMAND LINE ARGUMENTS:
C:\Program Files\Unity 2021.1.7f1\Editor\Unity.exe
-adb2
-batchMode
-noUpm
-name
AssetImportWorker0
-projectPath
C:/Users/9t.cc/Documents/GithubFiles/MultiplayerBasics/MultiplayerBasics
-logFile
Logs/AssetImportWorker0.log
-srvPort
64673
Successfully changed project path to: C:/Users/9t.cc/Documents/GithubFiles/MultiplayerBasics/MultiplayerBasics
C:/Users/9t.cc/Documents/GithubFiles/MultiplayerBasics/MultiplayerBasics
Using Asset Import Pipeline V2.
Refreshing native plugins compatible for Editor in 109.79 ms, found 1 plugins.
Preloading 0 native plugins for Editor in 0.00 ms.
Initialize engine version: 2021.1.7f1 (d91830b65d9b)
[Subsystems] Discovering subsystems at path C:/Program Files/Unity 2021.1.7f1/Editor/Data/Resources/UnitySubsystems
[Subsystems] Discovering subsystems at path C:/Users/9t.cc/Documents/GithubFiles/MultiplayerBasics/MultiplayerBasics/Assets
GfxDevice: creating device client; threaded=0; jobified=0
Direct3D:
    Version:  Direct3D 11.0 [level 11.1]
    Renderer: AMD Radeon R7 450 (ID=0x682b)
    Vendor:   ATI
    VRAM:     4076 MB
    Driver:   24.20.11020.3002
Initialize mono
Mono path[0] = 'C:/Program Files/Unity 2021.1.7f1/Editor/Data/Managed'
Mono path[1] = 'C:/Program Files/Unity 2021.1.7f1/Editor/Data/MonoBleedingEdge/lib/mono/unityjit'
Mono config path = 'C:/Program Files/Unity 2021.1.7f1/Editor/Data/MonoBleedingEdge/etc'
Using monoOptions --debugger-agent=transport=dt_socket,embedding=1,server=y,suspend=n,address=127.0.0.1:56076
Begin MonoManager ReloadAssembly
Registering precompiled unity dll's ...
Register platform support module: C:/Program Files/Unity 2021.1.7f1/Editor/Data/PlaybackEngines/WebGLSupport/UnityEditor.WebGL.Extensions.dll
Register platform support module: C:/Program Files/Unity 2021.1.7f1/Editor/Data/PlaybackEngines/WindowsStandaloneSupport/UnityEditor.WindowsStandalone.Extensions.dll
Registered in 0.001836 seconds.
Native extension for WindowsStandalone target not found
Native extension for WebGL target not found
Refreshing native plugins compatible for Editor in 110.79 ms, found 1 plugins.
Preloading 0 native plugins for Editor in 0.00 ms.
Mono: successfully reloaded assembly
- Completed reload, in  1.401 seconds
Platform modules already initialized, skipping
Registering precompiled user dll's ...
Registered in 0.004802 seconds.
Begin MonoManager ReloadAssembly
Native extension for WindowsStandalone target not found
Native extension for WebGL target not found
Refreshing native plugins compatible for Editor in 114.38 ms, found 1 plugins.
Preloading 0 native plugins for Editor in 0.00 ms.
Mono: successfully reloaded assembly
- Completed reload, in  1.464 seconds
Platform modules already initialized, skipping
========================================================================
Worker process is ready to serve import requests
Shader 'Universal Render Pipeline/Particles/Lit': fallback shader 'Universal Render Pipeline/Particles/SimpleLit' not found
Shader 'Universal Render Pipeline/Particles/Lit': fallback shader 'Universal Render Pipeline/Particles/SimpleLit' not found
Launched and connected shader compiler UnityShaderCompiler.exe after 0.04 seconds
Refreshing native plugins compatible for Editor in 0.85 ms, found 1 plugins.
Preloading 0 native plugins for Editor in 0.00 ms.
Unloading 5193 Unused Serialized files (Serialized files now loaded: 0)
System memory in use before: 200.4 MB.
System memory in use after: 197.8 MB.

Unloading 195 unused Assets to reduce memory usage. Loaded Objects now: 5588.
Total: 4.270600 ms (FindLiveObjects: 0.391800 ms CreateObjectMapping: 0.312300 ms MarkObjects: 2.413500 ms  DeleteObjects: 1.151700 ms)

========================================================================
Received Import Request.
  path: Assets/Presets
  artifactKey: Guid(558255460b74ec04fa70b5570e9327bd) Importer(815301076,1909f56bfc062723c751e8b465ee728b)
Start importing Assets/Presets using Guid(558255460b74ec04fa70b5570e9327bd) Importer(815301076,1909f56bfc062723c751e8b465ee728b)  -> (artifact id: 'e1966229f3d7993f283b578bcf544b58') in 0.006132 seconds 
========================================================================
Received Import Request.
  Time since last request: 0.000253 seconds.
  path: Assets/Presets/Defaults
  artifactKey: Guid(71ea82b02df99c2439e0dc8e4e1ebc24) Importer(815301076,1909f56bfc062723c751e8b465ee728b)
Start importing Assets/Presets/Defaults using Guid(71ea82b02df99c2439e0dc8e4e1ebc24) Importer(815301076,1909f56bfc062723c751e8b465ee728b)  -> (artifact id: 'a2a56981c996a89ef789297d7a3fb242') in 0.014487 seconds 
========================================================================
Received Import Request.
  Time since last request: 1.345456 seconds.
  path: Assets/Mirror/Examples
  artifactKey: Guid(a08b1f591326642d1b140fc818c9c6b1) Importer(815301076,1909f56bfc062723c751e8b465ee728b)
Start importing Assets/Mirror/Examples using Guid(a08b1f591326642d1b140fc818c9c6b1) Importer(815301076,1909f56bfc062723c751e8b465ee728b)  -> (artifact id: '82ebc1b5038e74b5113834b6cd7486aa') in 0.002179 seconds 
========================================================================
Received Import Request.
  Time since last request: 251.768002 seconds.
  path: Assets/Mirror/Examples/Pong
  artifactKey: Guid(2220cb06641bd40be8c8330b3b4dd0ee) Importer(815301076,1909f56bfc062723c751e8b465ee728b)
Start importing Assets/Mirror/Examples/Pong using Guid(2220cb06641bd40be8c8330b3b4dd0ee) Importer(815301076,1909f56bfc062723c751e8b465ee728b)  -> (artifact id: '5d5f959126a7c7a8ff60b1bb32ed4a9c') in 0.002307 seconds 
========================================================================
Received Import Request.
  Time since last request: 4.153672 seconds.
  path: Assets/Mirror/Examples/Pong/Scenes
  artifactKey: Guid(00c56c45628954f44aa4d944cbd9bfca) Importer(815301076,1909f56bfc062723c751e8b465ee728b)
Start importing Assets/Mirror/Examples/Pong/Scenes using Guid(00c56c45628954f44aa4d944cbd9bfca) Importer(815301076,1909f56bfc062723c751e8b465ee728b)  -> (artifact id: 'cd8e26e21b8038abd4276f55b0bd4d55') in 0.002693 seconds 
========================================================================
Received Import Request.
  Time since last request: 0.852259 seconds.
  path: Assets/Mirror/Examples/Pong/Scenes/Scene.unity
  artifactKey: Guid(89a84548859e3b643b4fb27984dc2b0d) Importer(815301076,1909f56bfc062723c751e8b465ee728b)
Start importing Assets/Mirror/Examples/Pong/Scenes/Scene.unity using Guid(89a84548859e3b643b4fb27984dc2b0d) Importer(815301076,1909f56bfc062723c751e8b465ee728b)  -> (artifact id: 'adbe27144616e22c55efe1f527e7d8c0') in 0.003891 seconds 
========================================================================
Received Prepare
Registering precompiled user dll's ...
Registered in 0.004452 seconds.
Begin MonoManager ReloadAssembly
Native extension for WindowsStandalone target not found
Native extension for WebGL target not found
Refreshing native plugins compatible for Editor in 0.92 ms, found 1 plugins.
Preloading 0 native plugins for Editor in 0.00 ms.
Warning: Annotation not found!
UnityEngine.StackTraceUtility:ExtractStackTrace ()
UnityEditor.ProBuilder.EditorUtility:SetGizmoIconEnabled (System.Type,bool) (at Library/PackageCache/com.unity.probuilder@5.0.3/Editor/EditorCore/EditorUtility.cs:575)
UnityEditor.ProBuilder.HierarchyListener:.cctor () (at Library/PackageCache/com.unity.probuilder@5.0.3/Editor/EditorCore/HierarchyListener.cs:21)
System.Runtime.CompilerServices.RuntimeHelpers:RunClassConstructor (System.RuntimeTypeHandle)
UnityEditor.EditorAssemblies:ProcessInitializeOnLoadAttributes (System.Type[])

[Library/PackageCache/com.unity.probuilder@5.0.3/Editor/EditorCore/EditorUtility.cs line 575]

Mono: successfully reloaded assembly
- Completed reload, in  1.246 seconds
Platform modules already initialized, skipping
Shader 'Universal Render Pipeline/Particles/Lit': fallback shader 'Universal Render Pipeline/Particles/SimpleLit' not found
Shader 'Universal Render Pipeline/Particles/Lit': fallback shader 'Universal Render Pipeline/Particles/SimpleLit' not found
Refreshing native plugins compatible for Editor in 1.23 ms, found 1 plugins.
Preloading 0 native plugins for Editor in 0.00 ms.
Unloading 5073 Unused Serialized files (Serialized files now loaded: 0)
System memory in use before: 194.3 MB.
System memory in use after: 191.7 MB.

Unloading 54 unused Assets to reduce memory usage. Loaded Objects now: 5591.
Total: 5.081200 ms (FindLiveObjects: 0.435200 ms CreateObjectMapping: 0.384200 ms MarkObjects: 3.110300 ms  DeleteObjects: 1.150300 ms)

AssetImportWorkerClient::OnTransportError - code=2 error=End of file
